Traceback (most recent call last):
  File "<string>", line 1, in <module>
  File "G:\ai软件\git\zhipu manage\src\watcher.py", line 46, in start_watcher
    from main import process_file
  File "G:\ai软件\git\zhipu manage\src\main.py", line 19, in <module>
    from ocr import extract_text_from_image
  File "G:\ai软件\git\zhipu manage\src\ocr.py", line 8, in <module>
    from transcriber import transcribe_audio, SUPPORTED_AUDIO
ImportError: cannot import name 'SUPPORTED_AUDIO' from 'transcriber' (G:\ai软件\git\zhipu manage\src\transcriber.py)
Traceback (most recent call last):
  File "<string>", line 1, in <module>
  File "G:\ai软件\git\zhipu manage\src\watcher.py", line 54, in start_watcher
    print("   \U0001f50d 扫描现有文件...")
UnicodeEncodeError: 'gbk' codec can't encode character '\U0001f50d' in position 3: illegal multibyte sequence
2026-07-12 18:18:22,153 - INFO - 检测到新文件: input/f636490861f6ece1258a6c506d0a2e58.png
2026-07-12 18:18:22,156 - ERROR - 处理失败: input/f636490861f6ece1258a6c506d0a2e58.png - 'gbk' codec can't encode character '\u274c' in position 3: illegal multibyte sequence
Traceback (most recent call last):
  File "<string>", line 1, in <module>
  File "G:\ai软件\git\zhipu manage\src\watcher.py", line 60, in start_watcher
    print(f"   \u23f3 队列: {f}")
UnicodeEncodeError: 'gbk' codec can't encode character '\u23f3' in position 3: illegal multibyte sequence
   [扫描] 扫描现有文件...
Traceback (most recent call last):
  File "<string>", line 1, in <module>
  File "G:\ai软件\git\zhipu manage\src\watcher.py", line 60, in start_watcher
    print(f"   \u23f3 队列: {f}")
UnicodeEncodeError: 'gbk' codec can't encode character '\u23f3' in position 3: illegal multibyte sequence
   [扫描] 扫描现有文件...
Traceback (most recent call last):
  File "<string>", line 1, in <module>
  File "G:\ai软件\git\zhipu manage\src\watcher.py", line 60, in start_watcher
    print(f"   \u23f3 队列: {f}")
UnicodeEncodeError: 'gbk' codec can't encode character '\u23f3' in position 3: illegal multibyte sequence
   [扫描] 扫描现有文件...
2026-07-12 18:27:13,816 - INFO - 检测到新文件: input/6346c0aa8d0daa47868d81786759e530.png
2026-07-12 18:27:13,818 - ERROR - 处理失败: input/6346c0aa8d0daa47868d81786759e530.png - 'gbk' codec can't encode character '\u274c' in position 3: illegal multibyte sequence
2026-07-12 18:27:42,620 - INFO - 检测到新文件: input/6346c0aa8d0daa47868d81786759e530.png
2026-07-12 18:27:42,628 - ERROR - 处理失败: input/6346c0aa8d0daa47868d81786759e530.png - 'gbk' codec can't encode character '\u274c' in position 3: illegal multibyte sequence
2026-07-12 18:28:46,531 - INFO - 检测到新文件: input/6346c0aa8d0daa47868d81786759e530.png
2026-07-12 18:28:46,532 - ERROR - 处理失败: input/6346c0aa8d0daa47868d81786759e530.png - 'gbk' codec can't encode character '\u274c' in position 3: illegal multibyte sequence
2026-07-12 18:30:53,919 - INFO - 检测到新文件: input/6346c0aa8d0daa47868d81786759e530.png
2026-07-12 18:30:53,919 - ERROR - 处理失败: input/6346c0aa8d0daa47868d81786759e530.png - 'gbk' codec can't encode character '\u274c' in position 3: illegal multibyte sequence
2026-07-12 18:32:02,975 - INFO - 检测到新文件: input/6346c0aa8d0daa47868d81786759e530.png
